<?xml version="1.0" encoding="UTF-8"?>
<testsuite xmlns:xsi="http://www.w3.org/2001/XMLSchema-instance" xsi:noNamespaceSchemaLocation="https://maven.apache.org/surefire/maven-surefire-plugin/xsd/surefire-test-report.xsd" name="com.example.userservice.UserServiceApplicationTests" time="14.479" tests="1" errors="0" skipped="0" failures="0">
  <properties>
    <property name="java.specification.version" value="17"/>
    <property name="sun.cpu.isalist" value="amd64"/>
    <property name="sun.jnu.encoding" value="MS949"/>
    <property name="java.class.path" value="C:\amazing\springcloud\user-service\target\test-classes;C:\amazing\springcloud\user-service\target\classes;C:\Users\DIR-N-0153\.m2\repository\io\micrometer\micrometer-registry-prometheus\1.9.8\micrometer-registry-prometheus-1.9.8.jar;C:\Users\DIR-N-0153\.m2\repository\io\micrometer\micrometer-core\1.9.8\micrometer-core-1.9.8.jar;C:\Users\DIR-N-0153\.m2\repository\org\hdrhistogram\HdrHistogram\2.1.12\HdrHistogram-2.1.12.jar;C:\Users\DIR-N-0153\.m2\repository\org\latencyutils\LatencyUtils\2.0.3\LatencyUtils-2.0.3.jar;C:\Users\DIR-N-0153\.m2\repository\io\prometheus\simpleclient_common\0.15.0\simpleclient_common-0.15.0.jar;C:\Users\DIR-N-0153\.m2\repository\io\prometheus\simpleclient\0.15.0\simpleclient-0.15.0.jar;C:\Users\DIR-N-0153\.m2\repository\io\prometheus\simpleclient_tracer_otel\0.15.0\simpleclient_tracer_otel-0.15.0.jar;C:\Users\DIR-N-0153\.m2\repository\io\prometheus\simpleclient_tracer_common\0.15.0\simpleclient_tracer_common-0.15.0.jar;C:\Users\DIR-N-0153\.m2\repository\io\prometheus\simpleclient_tracer_otel_agent\0.15.0\simpleclient_tracer_otel_agent-0.15.0.jar;C:\Users\DIR-N-0153\.m2\repository\org\springframework\cloud\spring-cloud-starter-sleuth\3.1.5\spring-cloud-starter-sleuth-3.1.5.jar;C:\Users\DIR-N-0153\.m2\repository\org\springframework\cloud\spring-cloud-starter\3.1.5\spring-cloud-starter-3.1.5.jar;C:\Users\DIR-N-0153\.m2\repository\org\springframework\cloud\spring-cloud-context\3.1.5\spring-cloud-context-3.1.5.jar;C:\Users\DIR-N-0153\.m2\repository\org\springframework\security\spring-security-rsa\1.0.11.RELEASE\spring-security-rsa-1.0.11.RELEASE.jar;C:\Users\DIR-N-0153\.m2\repository\org\bouncycastle\bcpkix-jdk15on\1.69\bcpkix-jdk15on-1.69.jar;C:\Users\DIR-N-0153\.m2\repository\org\bouncycastle\bcprov-jdk15on\1.69\bcprov-jdk15on-1.69.jar;C:\Users\DIR-N-0153\.m2\repository\org\bouncycastle\bcutil-jdk15on\1.69\bcutil-jdk15on-1.69.jar;C:\Users\DIR-N-0153\.m2\repository\org\springframework\boot\spring-boot-starter-aop\2.7.10-SNAPSHOT\spring-boot-starter-aop-2.7.10-SNAPSHOT.jar;C:\Users\DIR-N-0153\.m2\repository\org\aspectj\aspectjweaver\1.9.7\aspectjweaver-1.9.7.jar;C:\Users\DIR-N-0153\.m2\repository\org\springframework\cloud\spring-cloud-sleuth-autoconfigure\3.1.5\spring-cloud-sleuth-autoconfigure-3.1.5.jar;C:\Users\DIR-N-0153\.m2\repository\org\springframework\cloud\spring-cloud-sleuth-instrumentation\3.1.5\spring-cloud-sleuth-instrumentation-3.1.5.jar;C:\Users\DIR-N-0153\.m2\repository\org\springframework\cloud\spring-cloud-sleuth-api\3.1.5\spring-cloud-sleuth-api-3.1.5.jar;C:\Users\DIR-N-0153\.m2\repository\org\springframework\spring-context\5.3.25\spring-context-5.3.25.jar;C:\Users\DIR-N-0153\.m2\repository\org\aspectj\aspectjrt\1.9.7\aspectjrt-1.9.7.jar;C:\Users\DIR-N-0153\.m2\repository\org\springframework\cloud\spring-cloud-sleuth-brave\3.1.5\spring-cloud-sleuth-brave-3.1.5.jar;C:\Users\DIR-N-0153\.m2\repository\io\zipkin\brave\brave\5.13.9\brave-5.13.9.jar;C:\Users\DIR-N-0153\.m2\repository\io\zipkin\brave\brave-context-slf4j\5.13.9\brave-context-slf4j-5.13.9.jar;C:\Users\DIR-N-0153\.m2\repository\io\zipkin\brave\brave-instrumentation-messaging\5.13.9\brave-instrumentation-messaging-5.13.9.jar;C:\Users\DIR-N-0153\.m2\repository\io\zipkin\brave\brave-instrumentation-rpc\5.13.9\brave-instrumentation-rpc-5.13.9.jar;C:\Users\DIR-N-0153\.m2\repository\io\zipkin\brave\brave-instrumentation-spring-rabbit\5.13.9\brave-instrumentation-spring-rabbit-5.13.9.jar;C:\Users\DIR-N-0153\.m2\repository\io\zipkin\brave\brave-instrumentation-kafka-clients\5.13.9\brave-instrumentation-kafka-clients-5.13.9.jar;C:\Users\DIR-N-0153\.m2\repository\io\zipkin\brave\brave-instrumentation-kafka-streams\5.13.9\brave-instrumentation-kafka-streams-5.13.9.jar;C:\Users\DIR-N-0153\.m2\repository\io\zipkin\brave\brave-instrumentation-httpclient\5.13.9\brave-instrumentation-httpclient-5.13.9.jar;C:\Users\DIR-N-0153\.m2\repository\io\zipkin\brave\brave-instrumentation-http\5.13.9\brave-instrumentation-http-5.13.9.jar;C:\Users\DIR-N-0153\.m2\repository\io\zipkin\brave\brave-instrumentation-httpasyncclient\5.13.9\brave-instrumentation-httpasyncclient-5.13.9.jar;C:\Users\DIR-N-0153\.m2\repository\io\zipkin\brave\brave-instrumentation-jms\5.13.9\brave-instrumentation-jms-5.13.9.jar;C:\Users\DIR-N-0153\.m2\repository\io\zipkin\brave\brave-instrumentation-mongodb\5.13.9\brave-instrumentation-mongodb-5.13.9.jar;C:\Users\DIR-N-0153\.m2\repository\io\zipkin\aws\brave-propagation-aws\0.21.3\brave-propagation-aws-0.21.3.jar;C:\Users\DIR-N-0153\.m2\repository\io\zipkin\reporter2\zipkin-reporter-metrics-micrometer\2.16.3\zipkin-reporter-metrics-micrometer-2.16.3.jar;C:\Users\DIR-N-0153\.m2\repository\org\springframework\cloud\spring-cloud-starter-zipkin\2.2.8.RELEASE\spring-cloud-starter-zipkin-2.2.8.RELEASE.jar;C:\Users\DIR-N-0153\.m2\repository\org\springframework\cloud\spring-cloud-sleuth-zipkin\3.1.5\spring-cloud-sleuth-zipkin-3.1.5.jar;C:\Users\DIR-N-0153\.m2\repository\io\zipkin\zipkin2\zipkin\2.23.2\zipkin-2.23.2.jar;C:\Users\DIR-N-0153\.m2\repository\io\zipkin\reporter2\zipkin-reporter\2.16.3\zipkin-reporter-2.16.3.jar;C:\Users\DIR-N-0153\.m2\repository\io\zipkin\reporter2\zipkin-reporter-brave\2.16.3\zipkin-reporter-brave-2.16.3.jar;C:\Users\DIR-N-0153\.m2\repository\io\zipkin\reporter2\zipkin-sender-kafka\2.16.3\zipkin-sender-kafka-2.16.3.jar;C:\Users\DIR-N-0153\.m2\repository\io\zipkin\reporter2\zipkin-sender-activemq-client\2.16.3\zipkin-sender-activemq-client-2.16.3.jar;C:\Users\DIR-N-0153\.m2\repository\io\zipkin\reporter2\zipkin-sender-amqp-client\2.16.3\zipkin-sender-amqp-client-2.16.3.jar;C:\Users\DIR-N-0153\.m2\repository\org\springframework\cloud\spring-cloud-starter-circuitbreaker-resilience4j\2.1.5\spring-cloud-starter-circuitbreaker-resilience4j-2.1.5.jar;C:\Users\DIR-N-0153\.m2\repository\org\springframework\cloud\spring-cloud-circuitbreaker-resilience4j\2.1.5\spring-cloud-circuitbreaker-resilience4j-2.1.5.jar;C:\Users\DIR-N-0153\.m2\repository\io\github\resilience4j\resilience4j-spring-boot2\1.7.0\resilience4j-spring-boot2-1.7.0.jar;C:\Users\DIR-N-0153\.m2\repository\io\github\resilience4j\resilience4j-spring\1.7.0\resilience4j-spring-1.7.0.jar;C:\Users\DIR-N-0153\.m2\repository\io\github\resilience4j\resilience4j-annotations\1.7.0\resilience4j-annotations-1.7.0.jar;C:\Users\DIR-N-0153\.m2\repository\io\github\resilience4j\resilience4j-consumer\1.7.0\resilience4j-consumer-1.7.0.jar;C:\Users\DIR-N-0153\.m2\repository\io\github\resilience4j\resilience4j-circularbuffer\1.7.0\resilience4j-circularbuffer-1.7.0.jar;C:\Users\DIR-N-0153\.m2\repository\io\github\resilience4j\resilience4j-framework-common\1.7.0\resilience4j-framework-common-1.7.0.jar;C:\Users\DIR-N-0153\.m2\repository\io\github\resilience4j\resilience4j-ratelimiter\1.7.0\resilience4j-ratelimiter-1.7.0.jar;C:\Users\DIR-N-0153\.m2\repository\io\github\resilience4j\resilience4j-retry\1.7.0\resilience4j-retry-1.7.0.jar;C:\Users\DIR-N-0153\.m2\repository\io\github\resilience4j\resilience4j-micrometer\1.7.0\resilience4j-micrometer-1.7.0.jar;C:\Users\DIR-N-0153\.m2\repository\io\github\resilience4j\resilience4j-circuitbreaker\1.7.0\resilience4j-circuitbreaker-1.7.0.jar;C:\Users\DIR-N-0153\.m2\repository\io\vavr\vavr\0.10.2\vavr-0.10.2.jar;C:\Users\DIR-N-0153\.m2\repository\io\vavr\vavr-match\0.10.2\vavr-match-0.10.2.jar;C:\Users\DIR-N-0153\.m2\repository\org\slf4j\slf4j-api\1.7.36\slf4j-api-1.7.36.jar;C:\Users\DIR-N-0153\.m2\repository\io\github\resilience4j\resilience4j-core\1.7.0\resilience4j-core-1.7.0.jar;C:\Users\DIR-N-0153\.m2\repository\io\github\resilience4j\resilience4j-timelimiter\1.7.0\resilience4j-timelimiter-1.7.0.jar;C:\Users\DIR-N-0153\.m2\repository\org\springframework\cloud\spring-cloud-starter-openfeign\3.1.5\spring-cloud-starter-openfeign-3.1.5.jar;C:\Users\DIR-N-0153\.m2\repository\org\springframework\cloud\spring-cloud-openfeign-core\3.1.5\spring-cloud-openfeign-core-3.1.5.jar;C:\Users\DIR-N-0153\.m2\repository\io\github\openfeign\form\feign-form-spring\3.8.0\feign-form-spring-3.8.0.jar;C:\Users\DIR-N-0153\.m2\repository\io\github\openfeign\form\feign-form\3.8.0\feign-form-3.8.0.jar;C:\Users\DIR-N-0153\.m2\repository\commons-fileupload\commons-fileupload\1.4\commons-fileupload-1.4.jar;C:\Users\DIR-N-0153\.m2\repository\org\springframework\spring-web\5.3.25\spring-web-5.3.25.jar;C:\Users\DIR-N-0153\.m2\repository\org\springframework\spring-beans\5.3.25\spring-beans-5.3.25.jar;C:\Users\DIR-N-0153\.m2\repository\org\springframework\cloud\spring-cloud-commons\3.1.5\spring-cloud-commons-3.1.5.jar;C:\Users\DIR-N-0153\.m2\repository\org\springframework\security\spring-security-crypto\5.7.7\spring-security-crypto-5.7.7.jar;C:\Users\DIR-N-0153\.m2\repository\io\github\openfeign\feign-core\11.10\feign-core-11.10.jar;C:\Users\DIR-N-0153\.m2\repository\io\github\openfeign\feign-slf4j\11.10\feign-slf4j-11.10.jar;C:\Users\DIR-N-0153\.m2\repository\org\springframework\boot\spring-boot-starter-data-jpa\2.7.10-SNAPSHOT\spring-boot-starter-data-jpa-2.7.10-SNAPSHOT.jar;C:\Users\DIR-N-0153\.m2\repository\org\springframework\boot\spring-boot-starter-jdbc\2.7.10-SNAPSHOT\spring-boot-starter-jdbc-2.7.10-SNAPSHOT.jar;C:\Users\DIR-N-0153\.m2\repository\com\zaxxer\HikariCP\4.0.3\HikariCP-4.0.3.jar;C:\Users\DIR-N-0153\.m2\repository\org\springframework\spring-jdbc\5.3.25\spring-jdbc-5.3.25.jar;C:\Users\DIR-N-0153\.m2\repository\jakarta\transaction\jakarta.transaction-api\1.3.3\jakarta.transaction-api-1.3.3.jar;C:\Users\DIR-N-0153\.m2\repository\jakarta\persistence\jakarta.persistence-api\2.2.3\jakarta.persistence-api-2.2.3.jar;C:\Users\DIR-N-0153\.m2\repository\org\hibernate\hibernate-core\5.6.15.Final\hibernate-core-5.6.15.Final.jar;C:\Users\DIR-N-0153\.m2\repository\org\jboss\logging\jboss-logging\3.4.3.Final\jboss-logging-3.4.3.Final.jar;C:\Users\DIR-N-0153\.m2\repository\net\bytebuddy\byte-buddy\1.12.23\byte-buddy-1.12.23.jar;C:\Users\DIR-N-0153\.m2\repository\antlr\antlr\2.7.7\antlr-2.7.7.jar;C:\Users\DIR-N-0153\.m2\repository\org\jboss\jandex\2.4.2.Final\jandex-2.4.2.Final.jar;C:\Users\DIR-N-0153\.m2\repository\com\fasterxml\classmate\1.5.1\classmate-1.5.1.jar;C:\Users\DIR-N-0153\.m2\repository\org\hibernate\common\hibernate-commons-annotations\5.1.2.Final\hibernate-commons-annotations-5.1.2.Final.jar;C:\Users\DIR-N-0153\.m2\repository\org\glassfish\jaxb\jaxb-runtime\2.3.8\jaxb-runtime-2.3.8.jar;C:\Users\DIR-N-0153\.m2\repository\org\glassfish\jaxb\txw2\2.3.8\txw2-2.3.8.jar;C:\Users\DIR-N-0153\.m2\repository\com\sun\istack\istack-commons-runtime\3.0.12\istack-commons-runtime-3.0.12.jar;C:\Users\DIR-N-0153\.m2\repository\com\sun\activation\jakarta.activation\1.2.2\jakarta.activation-1.2.2.jar;C:\Users\DIR-N-0153\.m2\repository\org\springframework\data\spring-data-jpa\2.7.8\spring-data-jpa-2.7.8.jar;C:\Users\DIR-N-0153\.m2\repository\org\springframework\data\spring-data-commons\2.7.8\spring-data-commons-2.7.8.jar;C:\Users\DIR-N-0153\.m2\repository\org\springframework\spring-orm\5.3.25\spring-orm-5.3.25.jar;C:\Users\DIR-N-0153\.m2\repository\org\springframework\spring-tx\5.3.25\spring-tx-5.3.25.jar;C:\Users\DIR-N-0153\.m2\repository\org\springframework\spring-aspects\5.3.25\spring-aspects-5.3.25.jar;C:\Users\DIR-N-0153\.m2\repository\org\springframework\cloud\spring-cloud-starter-bootstrap\3.1.5\spring-cloud-starter-bootstrap-3.1.5.jar;C:\Users\DIR-N-0153\.m2\repository\org\springframework\boot\spring-boot-starter-actuator\2.7.10-SNAPSHOT\spring-boot-starter-actuator-2.7.10-SNAPSHOT.jar;C:\Users\DIR-N-0153\.m2\repository\org\springframework\boot\spring-boot-starter\2.7.10-SNAPSHOT\spring-boot-starter-2.7.10-SNAPSHOT.jar;C:\Users\DIR-N-0153\.m2\repository\org\springframework\boot\spring-boot-starter-logging\2.7.10-SNAPSHOT\spring-boot-starter-logging-2.7.10-SNAPSHOT.jar;C:\Users\DIR-N-0153\.m2\repository\ch\qos\logback\logback-classic\1.2.11\logback-classic-1.2.11.jar;C:\Users\DIR-N-0153\.m2\repository\ch\qos\logback\logback-core\1.2.11\logback-core-1.2.11.jar;C:\Users\DIR-N-0153\.m2\repository\org\apache\logging\log4j\log4j-to-slf4j\2.17.2\log4j-to-slf4j-2.17.2.jar;C:\Users\DIR-N-0153\.m2\repository\org\apache\logging\log4j\log4j-api\2.17.2\log4j-api-2.17.2.jar;C:\Users\DIR-N-0153\.m2\repository\org\slf4j\jul-to-slf4j\1.7.36\jul-to-slf4j-1.7.36.jar;C:\Users\DIR-N-0153\.m2\repository\jakarta\annotation\jakarta.annotation-api\1.3.5\jakarta.annotation-api-1.3.5.jar;C:\Users\DIR-N-0153\.m2\repository\org\yaml\snakeyaml\1.30\snakeyaml-1.30.jar;C:\Users\DIR-N-0153\.m2\repository\org\springframework\boot\spring-boot-actuator-autoconfigure\2.7.10-SNAPSHOT\spring-boot-actuator-autoconfigure-2.7.10-SNAPSHOT.jar;C:\Users\DIR-N-0153\.m2\repository\org\springframework\boot\spring-boot-actuator\2.7.10-SNAPSHOT\spring-boot-actuator-2.7.10-SNAPSHOT.jar;C:\Users\DIR-N-0153\.m2\repository\com\fasterxml\jackson\datatype\jackson-datatype-jsr310\2.13.5\jackson-datatype-jsr310-2.13.5.jar;C:\Users\DIR-N-0153\.m2\repository\org\springframework\boot\spring-boot-starter-security\2.7.10-SNAPSHOT\spring-boot-starter-security-2.7.10-SNAPSHOT.jar;C:\Users\DIR-N-0153\.m2\repository\org\springframework\spring-aop\5.3.25\spring-aop-5.3.25.jar;C:\Users\DIR-N-0153\.m2\repository\org\springframework\security\spring-security-config\5.7.7\spring-security-config-5.7.7.jar;C:\Users\DIR-N-0153\.m2\repository\org\springframework\security\spring-security-core\5.7.7\spring-security-core-5.7.7.jar;C:\Users\DIR-N-0153\.m2\repository\org\springframework\security\spring-security-web\5.7.7\spring-security-web-5.7.7.jar;C:\Users\DIR-N-0153\.m2\repository\org\springframework\spring-expression\5.3.25\spring-expression-5.3.25.jar;C:\Users\DIR-N-0153\.m2\repository\io\jsonwebtoken\jjwt\0.9.1\jjwt-0.9.1.jar;C:\Users\DIR-N-0153\.m2\repository\com\fasterxml\jackson\core\jackson-databind\2.13.5\jackson-databind-2.13.5.jar;C:\Users\DIR-N-0153\.m2\repository\com\fasterxml\jackson\core\jackson-annotations\2.13.5\jackson-annotations-2.13.5.jar;C:\Users\DIR-N-0153\.m2\repository\com\fasterxml\jackson\core\jackson-core\2.13.5\jackson-core-2.13.5.jar;C:\Users\DIR-N-0153\.m2\repository\org\springframework\cloud\spring-cloud-starter-config\3.1.5\spring-cloud-starter-config-3.1.5.jar;C:\Users\DIR-N-0153\.m2\repository\org\springframework\cloud\spring-cloud-config-client\3.1.5\spring-cloud-config-client-3.1.5.jar;C:\Users\DIR-N-0153\.m2\repository\org\apache\httpcomponents\httpclient\4.5.14\httpclient-4.5.14.jar;C:\Users\DIR-N-0153\.m2\repository\org\apache\httpcomponents\httpcore\4.4.16\httpcore-4.4.16.jar;C:\Users\DIR-N-0153\.m2\repository\commons-codec\commons-codec\1.15\commons-codec-1.15.jar;C:\Users\DIR-N-0153\.m2\repository\jakarta\validation\jakarta.validation-api\2.0.2\jakarta.validation-api-2.0.2.jar;C:\Users\DIR-N-0153\.m2\repository\org\springframework\boot\spring-boot-starter-web\2.7.10-SNAPSHOT\spring-boot-starter-web-2.7.10-SNAPSHOT.jar;C:\Users\DIR-N-0153\.m2\repository\org\springframework\boot\spring-boot-starter-json\2.7.10-SNAPSHOT\spring-boot-starter-json-2.7.10-SNAPSHOT.jar;C:\Users\DIR-N-0153\.m2\repository\com\fasterxml\jackson\datatype\jackson-datatype-jdk8\2.13.5\jackson-datatype-jdk8-2.13.5.jar;C:\Users\DIR-N-0153\.m2\repository\com\fasterxml\jackson\module\jackson-module-parameter-names\2.13.5\jackson-module-parameter-names-2.13.5.jar;C:\Users\DIR-N-0153\.m2\repository\org\springframework\boot\spring-boot-starter-tomcat\2.7.10-SNAPSHOT\spring-boot-starter-tomcat-2.7.10-SNAPSHOT.jar;C:\Users\DIR-N-0153\.m2\repository\org\apache\tomcat\embed\tomcat-embed-core\9.0.71\tomcat-embed-core-9.0.71.jar;C:\Users\DIR-N-0153\.m2\repository\org\apache\tomcat\embed\tomcat-embed-el\9.0.71\tomcat-embed-el-9.0.71.jar;C:\Users\DIR-N-0153\.m2\repository\org\apache\tomcat\embed\tomcat-embed-websocket\9.0.71\tomcat-embed-websocket-9.0.71.jar;C:\Users\DIR-N-0153\.m2\repository\org\springframework\spring-webmvc\5.3.25\spring-webmvc-5.3.25.jar;C:\Users\DIR-N-0153\.m2\repository\org\springframework\cloud\spring-cloud-starter-netflix-eureka-client\3.1.4\spring-cloud-starter-netflix-eureka-client-3.1.4.jar;C:\Users\DIR-N-0153\.m2\repository\org\springframework\cloud\spring-cloud-netflix-eureka-client\3.1.4\spring-cloud-netflix-eureka-client-3.1.4.jar;C:\Users\DIR-N-0153\.m2\repository\com\netflix\eureka\eureka-client\1.10.17\eureka-client-1.10.17.jar;C:\Users\DIR-N-0153\.m2\repository\com\netflix\netflix-commons\netflix-eventbus\0.3.0\netflix-eventbus-0.3.0.jar;C:\Users\DIR-N-0153\.m2\repository\com\netflix\netflix-commons\netflix-infix\0.3.0\netflix-infix-0.3.0.jar;C:\Users\DIR-N-0153\.m2\repository\commons-jxpath\commons-jxpath\1.3\commons-jxpath-1.3.jar;C:\Users\DIR-N-0153\.m2\repository\joda-time\joda-time\2.3\joda-time-2.3.jar;C:\Users\DIR-N-0153\.m2\repository\org\antlr\antlr-runtime\3.4\antlr-runtime-3.4.jar;C:\Users\DIR-N-0153\.m2\repository\org\antlr\stringtemplate\3.2.1\stringtemplate-3.2.1.jar;C:\Users\DIR-N-0153\.m2\repository\com\google\code\gson\gson\2.9.1\gson-2.9.1.jar;C:\Users\DIR-N-0153\.m2\repository\org\apache\commons\commons-math\2.2\commons-math-2.2.jar;C:\Users\DIR-N-0153\.m2\repository\com\thoughtworks\xstream\xstream\1.4.18\xstream-1.4.18.jar;C:\Users\DIR-N-0153\.m2\repository\io\github\x-stream\mxparser\1.2.2\mxparser-1.2.2.jar;C:\Users\DIR-N-0153\.m2\repository\xmlpull\xmlpull\1.1.3.1\xmlpull-1.1.3.1.jar;C:\Users\DIR-N-0153\.m2\repository\javax\ws\rs\jsr311-api\1.1.1\jsr311-api-1.1.1.jar;C:\Users\DIR-N-0153\.m2\repository\com\netflix\servo\servo-core\0.12.21\servo-core-0.12.21.jar;C:\Users\DIR-N-0153\.m2\repository\com\google\guava\guava\19.0\guava-19.0.jar;C:\Users\DIR-N-0153\.m2\repository\commons-configuration\commons-configuration\1.10\commons-configuration-1.10.jar;C:\Users\DIR-N-0153\.m2\repository\commons-lang\commons-lang\2.6\commons-lang-2.6.jar;C:\Users\DIR-N-0153\.m2\repository\com\google\inject\guice\4.1.0\guice-4.1.0.jar;C:\Users\DIR-N-0153\.m2\repository\javax\inject\javax.inject\1\javax.inject-1.jar;C:\Users\DIR-N-0153\.m2\repository\org\codehaus\jettison\jettison\1.4.0\jettison-1.4.0.jar;C:\Users\DIR-N-0153\.m2\repository\com\netflix\eureka\eureka-core\1.10.17\eureka-core-1.10.17.jar;C:\Users\DIR-N-0153\.m2\repository\com\fasterxml\woodstox\woodstox-core\6.2.1\woodstox-core-6.2.1.jar;C:\Users\DIR-N-0153\.m2\repository\org\codehaus\woodstox\stax2-api\4.2.1\stax2-api-4.2.1.jar;C:\Users\DIR-N-0153\.m2\repository\org\springframework\cloud\spring-cloud-starter-loadbalancer\3.1.5\spring-cloud-starter-loadbalancer-3.1.5.jar;C:\Users\DIR-N-0153\.m2\repository\org\springframework\cloud\spring-cloud-loadbalancer\3.1.5\spring-cloud-loadbalancer-3.1.5.jar;C:\Users\DIR-N-0153\.m2\repository\io\projectreactor\reactor-core\3.4.27\reactor-core-3.4.27.jar;C:\Users\DIR-N-0153\.m2\repository\org\reactivestreams\reactive-streams\1.0.4\reactive-streams-1.0.4.jar;C:\Users\DIR-N-0153\.m2\repository\io\projectreactor\addons\reactor-extra\3.4.9\reactor-extra-3.4.9.jar;C:\Users\DIR-N-0153\.m2\repository\org\springframework\boot\spring-boot-starter-cache\2.7.10-SNAPSHOT\spring-boot-starter-cache-2.7.10-SNAPSHOT.jar;C:\Users\DIR-N-0153\.m2\repository\org\springframework\spring-context-support\5.3.25\spring-context-support-5.3.25.jar;C:\Users\DIR-N-0153\.m2\repository\com\stoyanr\evictor\1.0.0\evictor-1.0.0.jar;C:\Users\DIR-N-0153\.m2\repository\org\springframework\boot\spring-boot-devtools\2.7.10-SNAPSHOT\spring-boot-devtools-2.7.10-SNAPSHOT.jar;C:\Users\DIR-N-0153\.m2\repository\org\springframework\boot\spring-boot\2.7.10-SNAPSHOT\spring-boot-2.7.10-SNAPSHOT.jar;C:\Users\DIR-N-0153\.m2\repository\org\springframework\boot\spring-boot-autoconfigure\2.7.10-SNAPSHOT\spring-boot-autoconfigure-2.7.10-SNAPSHOT.jar;C:\Users\DIR-N-0153\.m2\repository\com\h2database\h2\1.3.176\h2-1.3.176.jar;C:\Users\DIR-N-0153\.m2\repository\org\projectlombok\lombok\1.18.26\lombok-1.18.26.jar;C:\Users\DIR-N-0153\.m2\repository\org\springframework\boot\spring-boot-starter-test\2.7.10-SNAPSHOT\spring-boot-starter-test-2.7.10-SNAPSHOT.jar;C:\Users\DIR-N-0153\.m2\repository\org\springframework\boot\spring-boot-test\2.7.10-SNAPSHOT\spring-boot-test-2.7.10-SNAPSHOT.jar;C:\Users\DIR-N-0153\.m2\repository\org\springframework\boot\spring-boot-test-autoconfigure\2.7.10-SNAPSHOT\spring-boot-test-autoconfigure-2.7.10-SNAPSHOT.jar;C:\Users\DIR-N-0153\.m2\repository\com\jayway\jsonpath\json-path\2.7.0\json-path-2.7.0.jar;C:\Users\DIR-N-0153\.m2\repository\net\minidev\json-smart\2.4.8\json-smart-2.4.8.jar;C:\Users\DIR-N-0153\.m2\repository\net\minidev\accessors-smart\2.4.8\accessors-smart-2.4.8.jar;C:\Users\DIR-N-0153\.m2\repository\org\ow2\asm\asm\9.1\asm-9.1.jar;C:\Users\DIR-N-0153\.m2\repository\jakarta\xml\bind\jakarta.xml.bind-api\2.3.3\jakarta.xml.bind-api-2.3.3.jar;C:\Users\DIR-N-0153\.m2\repository\jakarta\activation\jakarta.activation-api\1.2.2\jakarta.activation-api-1.2.2.jar;C:\Users\DIR-N-0153\.m2\repository\org\assertj\assertj-core\3.22.0\assertj-core-3.22.0.jar;C:\Users\DIR-N-0153\.m2\repository\org\hamcrest\hamcrest\2.2\hamcrest-2.2.jar;C:\Users\DIR-N-0153\.m2\repository\org\junit\jupiter\junit-jupiter\5.8.2\junit-jupiter-5.8.2.jar;C:\Users\DIR-N-0153\.m2\repository\org\junit\jupiter\junit-jupiter-api\5.8.2\junit-jupiter-api-5.8.2.jar;C:\Users\DIR-N-0153\.m2\repository\org\opentest4j\opentest4j\1.2.0\opentest4j-1.2.0.jar;C:\Users\DIR-N-0153\.m2\repository\org\junit\platform\junit-platform-commons\1.8.2\junit-platform-commons-1.8.2.jar;C:\Users\DIR-N-0153\.m2\repository\org\apiguardian\apiguardian-api\1.1.2\apiguardian-api-1.1.2.jar;C:\Users\DIR-N-0153\.m2\repository\org\junit\jupiter\junit-jupiter-params\5.8.2\junit-jupiter-params-5.8.2.jar;C:\Users\DIR-N-0153\.m2\repository\org\junit\jupiter\junit-jupiter-engine\5.8.2\junit-jupiter-engine-5.8.2.jar;C:\Users\DIR-N-0153\.m2\repository\org\junit\platform\junit-platform-engine\1.8.2\junit-platform-engine-1.8.2.jar;C:\Users\DIR-N-0153\.m2\repository\org\mockito\mockito-core\4.5.1\mockito-core-4.5.1.jar;C:\Users\DIR-N-0153\.m2\repository\net\bytebuddy\byte-buddy-agent\1.12.23\byte-buddy-agent-1.12.23.jar;C:\Users\DIR-N-0153\.m2\repository\org\objenesis\objenesis\3.2\objenesis-3.2.jar;C:\Users\DIR-N-0153\.m2\repository\org\mockito\mockito-junit-jupiter\4.5.1\mockito-junit-jupiter-4.5.1.jar;C:\Users\DIR-N-0153\.m2\repository\org\skyscreamer\jsonassert\1.5.1\jsonassert-1.5.1.jar;C:\Users\DIR-N-0153\.m2\repository\com\vaadin\external\google\android-json\0.0.20131108.vaadin1\android-json-0.0.20131108.vaadin1.jar;C:\Users\DIR-N-0153\.m2\repository\org\springframework\spring-core\5.3.25\spring-core-5.3.25.jar;C:\Users\DIR-N-0153\.m2\repository\org\springframework\spring-jcl\5.3.25\spring-jcl-5.3.25.jar;C:\Users\DIR-N-0153\.m2\repository\org\springframework\spring-test\5.3.25\spring-test-5.3.25.jar;C:\Users\DIR-N-0153\.m2\repository\org\xmlunit\xmlunit-core\2.9.1\xmlunit-core-2.9.1.jar;C:\Users\DIR-N-0153\.m2\repository\org\modelmapper\modelmapper\3.1.1\modelmapper-3.1.1.jar;"/>
    <property name="java.vm.vendor" value="Oracle Corporation"/>
    <property name="sun.arch.data.model" value="64"/>
    <property name="user.variant" value=""/>
    <property name="java.vendor.url" value="https://java.oracle.com/"/>
    <property name="user.timezone" value="Asia/Seoul"/>
    <property name="os.name" value="Windows 10"/>
    <property name="java.vm.specification.version" value="17"/>
    <property name="sun.java.launcher" value="SUN_STANDARD"/>
    <property name="user.country" value="KR"/>
    <property name="sun.boot.library.path" value="C:\Program Files\Java\jdk-17.0.5\bin"/>
    <property name="sun.java.command" value="C:\Users\DIR-N-~1\AppData\Local\Temp\surefire7939546509529726471\surefirebooter5827233786255966552.jar C:\Users\DIR-N-0153\AppData\Local\Temp\surefire7939546509529726471 2023-03-09T15-54-25_829-jvmRun1 surefire8651378832381258727tmp surefire_014647609729634237021tmp"/>
    <property name="jdk.debug" value="release"/>
    <property name="surefire.test.class.path" value="C:\amazing\springcloud\user-service\target\test-classes;C:\amazing\springcloud\user-service\target\classes;C:\Users\DIR-N-0153\.m2\repository\io\micrometer\micrometer-registry-prometheus\1.9.8\micrometer-registry-prometheus-1.9.8.jar;C:\Users\DIR-N-0153\.m2\repository\io\micrometer\micrometer-core\1.9.8\micrometer-core-1.9.8.jar;C:\Users\DIR-N-0153\.m2\repository\org\hdrhistogram\HdrHistogram\2.1.12\HdrHistogram-2.1.12.jar;C:\Users\DIR-N-0153\.m2\repository\org\latencyutils\LatencyUtils\2.0.3\LatencyUtils-2.0.3.jar;C:\Users\DIR-N-0153\.m2\repository\io\prometheus\simpleclient_common\0.15.0\simpleclient_common-0.15.0.jar;C:\Users\DIR-N-0153\.m2\repository\io\prometheus\simpleclient\0.15.0\simpleclient-0.15.0.jar;C:\Users\DIR-N-0153\.m2\repository\io\prometheus\simpleclient_tracer_otel\0.15.0\simpleclient_tracer_otel-0.15.0.jar;C:\Users\DIR-N-0153\.m2\repository\io\prometheus\simpleclient_tracer_common\0.15.0\simpleclient_tracer_common-0.15.0.jar;C:\Users\DIR-N-0153\.m2\repository\io\prometheus\simpleclient_tracer_otel_agent\0.15.0\simpleclient_tracer_otel_agent-0.15.0.jar;C:\Users\DIR-N-0153\.m2\repository\org\springframework\cloud\spring-cloud-starter-sleuth\3.1.5\spring-cloud-starter-sleuth-3.1.5.jar;C:\Users\DIR-N-0153\.m2\repository\org\springframework\cloud\spring-cloud-starter\3.1.5\spring-cloud-starter-3.1.5.jar;C:\Users\DIR-N-0153\.m2\repository\org\springframework\cloud\spring-cloud-context\3.1.5\spring-cloud-context-3.1.5.jar;C:\Users\DIR-N-0153\.m2\repository\org\springframework\security\spring-security-rsa\1.0.11.RELEASE\spring-security-rsa-1.0.11.RELEASE.jar;C:\Users\DIR-N-0153\.m2\repository\org\bouncycastle\bcpkix-jdk15on\1.69\bcpkix-jdk15on-1.69.jar;C:\Users\DIR-N-0153\.m2\repository\org\bouncycastle\bcprov-jdk15on\1.69\bcprov-jdk15on-1.69.jar;C:\Users\DIR-N-0153\.m2\repository\org\bouncycastle\bcutil-jdk15on\1.69\bcutil-jdk15on-1.69.jar;C:\Users\DIR-N-0153\.m2\repository\org\springframework\boot\spring-boot-starter-aop\2.7.10-SNAPSHOT\spring-boot-starter-aop-2.7.10-SNAPSHOT.jar;C:\Users\DIR-N-0153\.m2\repository\org\aspectj\aspectjweaver\1.9.7\aspectjweaver-1.9.7.jar;C:\Users\DIR-N-0153\.m2\repository\org\springframework\cloud\spring-cloud-sleuth-autoconfigure\3.1.5\spring-cloud-sleuth-autoconfigure-3.1.5.jar;C:\Users\DIR-N-0153\.m2\repository\org\springframework\cloud\spring-cloud-sleuth-instrumentation\3.1.5\spring-cloud-sleuth-instrumentation-3.1.5.jar;C:\Users\DIR-N-0153\.m2\repository\org\springframework\cloud\spring-cloud-sleuth-api\3.1.5\spring-cloud-sleuth-api-3.1.5.jar;C:\Users\DIR-N-0153\.m2\repository\org\springframework\spring-context\5.3.25\spring-context-5.3.25.jar;C:\Users\DIR-N-0153\.m2\repository\org\aspectj\aspectjrt\1.9.7\aspectjrt-1.9.7.jar;C:\Users\DIR-N-0153\.m2\repository\org\springframework\cloud\spring-cloud-sleuth-brave\3.1.5\spring-cloud-sleuth-brave-3.1.5.jar;C:\Users\DIR-N-0153\.m2\repository\io\zipkin\brave\brave\5.13.9\brave-5.13.9.jar;C:\Users\DIR-N-0153\.m2\repository\io\zipkin\brave\brave-context-slf4j\5.13.9\brave-context-slf4j-5.13.9.jar;C:\Users\DIR-N-0153\.m2\repository\io\zipkin\brave\brave-instrumentation-messaging\5.13.9\brave-instrumentation-messaging-5.13.9.jar;C:\Users\DIR-N-0153\.m2\repository\io\zipkin\brave\brave-instrumentation-rpc\5.13.9\brave-instrumentation-rpc-5.13.9.jar;C:\Users\DIR-N-0153\.m2\repository\io\zipkin\brave\brave-instrumentation-spring-rabbit\5.13.9\brave-instrumentation-spring-rabbit-5.13.9.jar;C:\Users\DIR-N-0153\.m2\repository\io\zipkin\brave\brave-instrumentation-kafka-clients\5.13.9\brave-instrumentation-kafka-clients-5.13.9.jar;C:\Users\DIR-N-0153\.m2\repository\io\zipkin\brave\brave-instrumentation-kafka-streams\5.13.9\brave-instrumentation-kafka-streams-5.13.9.jar;C:\Users\DIR-N-0153\.m2\repository\io\zipkin\brave\brave-instrumentation-httpclient\5.13.9\brave-instrumentation-httpclient-5.13.9.jar;C:\Users\DIR-N-0153\.m2\repository\io\zipkin\brave\brave-instrumentation-http\5.13.9\brave-instrumentation-http-5.13.9.jar;C:\Users\DIR-N-0153\.m2\repository\io\zipkin\brave\brave-instrumentation-httpasyncclient\5.13.9\brave-instrumentation-httpasyncclient-5.13.9.jar;C:\Users\DIR-N-0153\.m2\repository\io\zipkin\brave\brave-instrumentation-jms\5.13.9\brave-instrumentation-jms-5.13.9.jar;C:\Users\DIR-N-0153\.m2\repository\io\zipkin\brave\brave-instrumentation-mongodb\5.13.9\brave-instrumentation-mongodb-5.13.9.jar;C:\Users\DIR-N-0153\.m2\repository\io\zipkin\aws\brave-propagation-aws\0.21.3\brave-propagation-aws-0.21.3.jar;C:\Users\DIR-N-0153\.m2\repository\io\zipkin\reporter2\zipkin-reporter-metrics-micrometer\2.16.3\zipkin-reporter-metrics-micrometer-2.16.3.jar;C:\Users\DIR-N-0153\.m2\repository\org\springframework\cloud\spring-cloud-starter-zipkin\2.2.8.RELEASE\spring-cloud-starter-zipkin-2.2.8.RELEASE.jar;C:\Users\DIR-N-0153\.m2\repository\org\springframework\cloud\spring-cloud-sleuth-zipkin\3.1.5\spring-cloud-sleuth-zipkin-3.1.5.jar;C:\Users\DIR-N-0153\.m2\repository\io\zipkin\zipkin2\zipkin\2.23.2\zipkin-2.23.2.jar;C:\Users\DIR-N-0153\.m2\repository\io\zipkin\reporter2\zipkin-reporter\2.16.3\zipkin-reporter-2.16.3.jar;C:\Users\DIR-N-0153\.m2\repository\io\zipkin\reporter2\zipkin-reporter-brave\2.16.3\zipkin-reporter-brave-2.16.3.jar;C:\Users\DIR-N-0153\.m2\repository\io\zipkin\reporter2\zipkin-sender-kafka\2.16.3\zipkin-sender-kafka-2.16.3.jar;C:\Users\DIR-N-0153\.m2\repository\io\zipkin\reporter2\zipkin-sender-activemq-client\2.16.3\zipkin-sender-activemq-client-2.16.3.jar;C:\Users\DIR-N-0153\.m2\repository\io\zipkin\reporter2\zipkin-sender-amqp-client\2.16.3\zipkin-sender-amqp-client-2.16.3.jar;C:\Users\DIR-N-0153\.m2\repository\org\springframework\cloud\spring-cloud-starter-circuitbreaker-resilience4j\2.1.5\spring-cloud-starter-circuitbreaker-resilience4j-2.1.5.jar;C:\Users\DIR-N-0153\.m2\repository\org\springframework\cloud\spring-cloud-circuitbreaker-resilience4j\2.1.5\spring-cloud-circuitbreaker-resilience4j-2.1.5.jar;C:\Users\DIR-N-0153\.m2\repository\io\github\resilience4j\resilience4j-spring-boot2\1.7.0\resilience4j-spring-boot2-1.7.0.jar;C:\Users\DIR-N-0153\.m2\repository\io\github\resilience4j\resilience4j-spring\1.7.0\resilience4j-spring-1.7.0.jar;C:\Users\DIR-N-0153\.m2\repository\io\github\resilience4j\resilience4j-annotations\1.7.0\resilience4j-annotations-1.7.0.jar;C:\Users\DIR-N-0153\.m2\repository\io\github\resilience4j\resilience4j-consumer\1.7.0\resilience4j-consumer-1.7.0.jar;C:\Users\DIR-N-0153\.m2\repository\io\github\resilience4j\resilience4j-circularbuffer\1.7.0\resilience4j-circularbuffer-1.7.0.jar;C:\Users\DIR-N-0153\.m2\repository\io\github\resilience4j\resilience4j-framework-common\1.7.0\resilience4j-framework-common-1.7.0.jar;C:\Users\DIR-N-0153\.m2\repository\io\github\resilience4j\resilience4j-ratelimiter\1.7.0\resilience4j-ratelimiter-1.7.0.jar;C:\Users\DIR-N-0153\.m2\repository\io\github\resilience4j\resilience4j-retry\1.7.0\resilience4j-retry-1.7.0.jar;C:\Users\DIR-N-0153\.m2\repository\io\github\resilience4j\resilience4j-micrometer\1.7.0\resilience4j-micrometer-1.7.0.jar;C:\Users\DIR-N-0153\.m2\repository\io\github\resilience4j\resilience4j-circuitbreaker\1.7.0\resilience4j-circuitbreaker-1.7.0.jar;C:\Users\DIR-N-0153\.m2\repository\io\vavr\vavr\0.10.2\vavr-0.10.2.jar;C:\Users\DIR-N-0153\.m2\repository\io\vavr\vavr-match\0.10.2\vavr-match-0.10.2.jar;C:\Users\DIR-N-0153\.m2\repository\org\slf4j\slf4j-api\1.7.36\slf4j-api-1.7.36.jar;C:\Users\DIR-N-0153\.m2\repository\io\github\resilience4j\resilience4j-core\1.7.0\resilience4j-core-1.7.0.jar;C:\Users\DIR-N-0153\.m2\repository\io\github\resilience4j\resilience4j-timelimiter\1.7.0\resilience4j-timelimiter-1.7.0.jar;C:\Users\DIR-N-0153\.m2\repository\org\springframework\cloud\spring-cloud-starter-openfeign\3.1.5\spring-cloud-starter-openfeign-3.1.5.jar;C:\Users\DIR-N-0153\.m2\repository\org\springframework\cloud\spring-cloud-openfeign-core\3.1.5\spring-cloud-openfeign-core-3.1.5.jar;C:\Users\DIR-N-0153\.m2\repository\io\github\openfeign\form\feign-form-spring\3.8.0\feign-form-spring-3.8.0.jar;C:\Users\DIR-N-0153\.m2\repository\io\github\openfeign\form\feign-form\3.8.0\feign-form-3.8.0.jar;C:\Users\DIR-N-0153\.m2\repository\commons-fileupload\commons-fileupload\1.4\commons-fileupload-1.4.jar;C:\Users\DIR-N-0153\.m2\repository\org\springframework\spring-web\5.3.25\spring-web-5.3.25.jar;C:\Users\DIR-N-0153\.m2\repository\org\springframework\spring-beans\5.3.25\spring-beans-5.3.25.jar;C:\Users\DIR-N-0153\.m2\repository\org\springframework\cloud\spring-cloud-commons\3.1.5\spring-cloud-commons-3.1.5.jar;C:\Users\DIR-N-0153\.m2\repository\org\springframework\security\spring-security-crypto\5.7.7\spring-security-crypto-5.7.7.jar;C:\Users\DIR-N-0153\.m2\repository\io\github\openfeign\feign-core\11.10\feign-core-11.10.jar;C:\Users\DIR-N-0153\.m2\repository\io\github\openfeign\feign-slf4j\11.10\feign-slf4j-11.10.jar;C:\Users\DIR-N-0153\.m2\repository\org\springframework\boot\spring-boot-starter-data-jpa\2.7.10-SNAPSHOT\spring-boot-starter-data-jpa-2.7.10-SNAPSHOT.jar;C:\Users\DIR-N-0153\.m2\repository\org\springframework\boot\spring-boot-starter-jdbc\2.7.10-SNAPSHOT\spring-boot-starter-jdbc-2.7.10-SNAPSHOT.jar;C:\Users\DIR-N-0153\.m2\repository\com\zaxxer\HikariCP\4.0.3\HikariCP-4.0.3.jar;C:\Users\DIR-N-0153\.m2\repository\org\springframework\spring-jdbc\5.3.25\spring-jdbc-5.3.25.jar;C:\Users\DIR-N-0153\.m2\repository\jakarta\transaction\jakarta.transaction-api\1.3.3\jakarta.transaction-api-1.3.3.jar;C:\Users\DIR-N-0153\.m2\repository\jakarta\persistence\jakarta.persistence-api\2.2.3\jakarta.persistence-api-2.2.3.jar;C:\Users\DIR-N-0153\.m2\repository\org\hibernate\hibernate-core\5.6.15.Final\hibernate-core-5.6.15.Final.jar;C:\Users\DIR-N-0153\.m2\repository\org\jboss\logging\jboss-logging\3.4.3.Final\jboss-logging-3.4.3.Final.jar;C:\Users\DIR-N-0153\.m2\repository\net\bytebuddy\byte-buddy\1.12.23\byte-buddy-1.12.23.jar;C:\Users\DIR-N-0153\.m2\repository\antlr\antlr\2.7.7\antlr-2.7.7.jar;C:\Users\DIR-N-0153\.m2\repository\org\jboss\jandex\2.4.2.Final\jandex-2.4.2.Final.jar;C:\Users\DIR-N-0153\.m2\repository\com\fasterxml\classmate\1.5.1\classmate-1.5.1.jar;C:\Users\DIR-N-0153\.m2\repository\org\hibernate\common\hibernate-commons-annotations\5.1.2.Final\hibernate-commons-annotations-5.1.2.Final.jar;C:\Users\DIR-N-0153\.m2\repository\org\glassfish\jaxb\jaxb-runtime\2.3.8\jaxb-runtime-2.3.8.jar;C:\Users\DIR-N-0153\.m2\repository\org\glassfish\jaxb\txw2\2.3.8\txw2-2.3.8.jar;C:\Users\DIR-N-0153\.m2\repository\com\sun\istack\istack-commons-runtime\3.0.12\istack-commons-runtime-3.0.12.jar;C:\Users\DIR-N-0153\.m2\repository\com\sun\activation\jakarta.activation\1.2.2\jakarta.activation-1.2.2.jar;C:\Users\DIR-N-0153\.m2\repository\org\springframework\data\spring-data-jpa\2.7.8\spring-data-jpa-2.7.8.jar;C:\Users\DIR-N-0153\.m2\repository\org\springframework\data\spring-data-commons\2.7.8\spring-data-commons-2.7.8.jar;C:\Users\DIR-N-0153\.m2\repository\org\springframework\spring-orm\5.3.25\spring-orm-5.3.25.jar;C:\Users\DIR-N-0153\.m2\repository\org\springframework\spring-tx\5.3.25\spring-tx-5.3.25.jar;C:\Users\DIR-N-0153\.m2\repository\org\springframework\spring-aspects\5.3.25\spring-aspects-5.3.25.jar;C:\Users\DIR-N-0153\.m2\repository\org\springframework\cloud\spring-cloud-starter-bootstrap\3.1.5\spring-cloud-starter-bootstrap-3.1.5.jar;C:\Users\DIR-N-0153\.m2\repository\org\springframework\boot\spring-boot-starter-actuator\2.7.10-SNAPSHOT\spring-boot-starter-actuator-2.7.10-SNAPSHOT.jar;C:\Users\DIR-N-0153\.m2\repository\org\springframework\boot\spring-boot-starter\2.7.10-SNAPSHOT\spring-boot-starter-2.7.10-SNAPSHOT.jar;C:\Users\DIR-N-0153\.m2\repository\org\springframework\boot\spring-boot-starter-logging\2.7.10-SNAPSHOT\spring-boot-starter-logging-2.7.10-SNAPSHOT.jar;C:\Users\DIR-N-0153\.m2\repository\ch\qos\logback\logback-classic\1.2.11\logback-classic-1.2.11.jar;C:\Users\DIR-N-0153\.m2\repository\ch\qos\logback\logback-core\1.2.11\logback-core-1.2.11.jar;C:\Users\DIR-N-0153\.m2\repository\org\apache\logging\log4j\log4j-to-slf4j\2.17.2\log4j-to-slf4j-2.17.2.jar;C:\Users\DIR-N-0153\.m2\repository\org\apache\logging\log4j\log4j-api\2.17.2\log4j-api-2.17.2.jar;C:\Users\DIR-N-0153\.m2\repository\org\slf4j\jul-to-slf4j\1.7.36\jul-to-slf4j-1.7.36.jar;C:\Users\DIR-N-0153\.m2\repository\jakarta\annotation\jakarta.annotation-api\1.3.5\jakarta.annotation-api-1.3.5.jar;C:\Users\DIR-N-0153\.m2\repository\org\yaml\snakeyaml\1.30\snakeyaml-1.30.jar;C:\Users\DIR-N-0153\.m2\repository\org\springframework\boot\spring-boot-actuator-autoconfigure\2.7.10-SNAPSHOT\spring-boot-actuator-autoconfigure-2.7.10-SNAPSHOT.jar;C:\Users\DIR-N-0153\.m2\repository\org\springframework\boot\spring-boot-actuator\2.7.10-SNAPSHOT\spring-boot-actuator-2.7.10-SNAPSHOT.jar;C:\Users\DIR-N-0153\.m2\repository\com\fasterxml\jackson\datatype\jackson-datatype-jsr310\2.13.5\jackson-datatype-jsr310-2.13.5.jar;C:\Users\DIR-N-0153\.m2\repository\org\springframework\boot\spring-boot-starter-security\2.7.10-SNAPSHOT\spring-boot-starter-security-2.7.10-SNAPSHOT.jar;C:\Users\DIR-N-0153\.m2\repository\org\springframework\spring-aop\5.3.25\spring-aop-5.3.25.jar;C:\Users\DIR-N-0153\.m2\repository\org\springframework\security\spring-security-config\5.7.7\spring-security-config-5.7.7.jar;C:\Users\DIR-N-0153\.m2\repository\org\springframework\security\spring-security-core\5.7.7\spring-security-core-5.7.7.jar;C:\Users\DIR-N-0153\.m2\repository\org\springframework\security\spring-security-web\5.7.7\spring-security-web-5.7.7.jar;C:\Users\DIR-N-0153\.m2\repository\org\springframework\spring-expression\5.3.25\spring-expression-5.3.25.jar;C:\Users\DIR-N-0153\.m2\repository\io\jsonwebtoken\jjwt\0.9.1\jjwt-0.9.1.jar;C:\Users\DIR-N-0153\.m2\repository\com\fasterxml\jackson\core\jackson-databind\2.13.5\jackson-databind-2.13.5.jar;C:\Users\DIR-N-0153\.m2\repository\com\fasterxml\jackson\core\jackson-annotations\2.13.5\jackson-annotations-2.13.5.jar;C:\Users\DIR-N-0153\.m2\repository\com\fasterxml\jackson\core\jackson-core\2.13.5\jackson-core-2.13.5.jar;C:\Users\DIR-N-0153\.m2\repository\org\springframework\cloud\spring-cloud-starter-config\3.1.5\spring-cloud-starter-config-3.1.5.jar;C:\Users\DIR-N-0153\.m2\repository\org\springframework\cloud\spring-cloud-config-client\3.1.5\spring-cloud-config-client-3.1.5.jar;C:\Users\DIR-N-0153\.m2\repository\org\apache\httpcomponents\httpclient\4.5.14\httpclient-4.5.14.jar;C:\Users\DIR-N-0153\.m2\repository\org\apache\httpcomponents\httpcore\4.4.16\httpcore-4.4.16.jar;C:\Users\DIR-N-0153\.m2\repository\commons-codec\commons-codec\1.15\commons-codec-1.15.jar;C:\Users\DIR-N-0153\.m2\repository\jakarta\validation\jakarta.validation-api\2.0.2\jakarta.validation-api-2.0.2.jar;C:\Users\DIR-N-0153\.m2\repository\org\springframework\boot\spring-boot-starter-web\2.7.10-SNAPSHOT\spring-boot-starter-web-2.7.10-SNAPSHOT.jar;C:\Users\DIR-N-0153\.m2\repository\org\springframework\boot\spring-boot-starter-json\2.7.10-SNAPSHOT\spring-boot-starter-json-2.7.10-SNAPSHOT.jar;C:\Users\DIR-N-0153\.m2\repository\com\fasterxml\jackson\datatype\jackson-datatype-jdk8\2.13.5\jackson-datatype-jdk8-2.13.5.jar;C:\Users\DIR-N-0153\.m2\repository\com\fasterxml\jackson\module\jackson-module-parameter-names\2.13.5\jackson-module-parameter-names-2.13.5.jar;C:\Users\DIR-N-0153\.m2\repository\org\springframework\boot\spring-boot-starter-tomcat\2.7.10-SNAPSHOT\spring-boot-starter-tomcat-2.7.10-SNAPSHOT.jar;C:\Users\DIR-N-0153\.m2\repository\org\apache\tomcat\embed\tomcat-embed-core\9.0.71\tomcat-embed-core-9.0.71.jar;C:\Users\DIR-N-0153\.m2\repository\org\apache\tomcat\embed\tomcat-embed-el\9.0.71\tomcat-embed-el-9.0.71.jar;C:\Users\DIR-N-0153\.m2\repository\org\apache\tomcat\embed\tomcat-embed-websocket\9.0.71\tomcat-embed-websocket-9.0.71.jar;C:\Users\DIR-N-0153\.m2\repository\org\springframework\spring-webmvc\5.3.25\spring-webmvc-5.3.25.jar;C:\Users\DIR-N-0153\.m2\repository\org\springframework\cloud\spring-cloud-starter-netflix-eureka-client\3.1.4\spring-cloud-starter-netflix-eureka-client-3.1.4.jar;C:\Users\DIR-N-0153\.m2\repository\org\springframework\cloud\spring-cloud-netflix-eureka-client\3.1.4\spring-cloud-netflix-eureka-client-3.1.4.jar;C:\Users\DIR-N-0153\.m2\repository\com\netflix\eureka\eureka-client\1.10.17\eureka-client-1.10.17.jar;C:\Users\DIR-N-0153\.m2\repository\com\netflix\netflix-commons\netflix-eventbus\0.3.0\netflix-eventbus-0.3.0.jar;C:\Users\DIR-N-0153\.m2\repository\com\netflix\netflix-commons\netflix-infix\0.3.0\netflix-infix-0.3.0.jar;C:\Users\DIR-N-0153\.m2\repository\commons-jxpath\commons-jxpath\1.3\commons-jxpath-1.3.jar;C:\Users\DIR-N-0153\.m2\repository\joda-time\joda-time\2.3\joda-time-2.3.jar;C:\Users\DIR-N-0153\.m2\repository\org\antlr\antlr-runtime\3.4\antlr-runtime-3.4.jar;C:\Users\DIR-N-0153\.m2\repository\org\antlr\stringtemplate\3.2.1\stringtemplate-3.2.1.jar;C:\Users\DIR-N-0153\.m2\repository\com\google\code\gson\gson\2.9.1\gson-2.9.1.jar;C:\Users\DIR-N-0153\.m2\repository\org\apache\commons\commons-math\2.2\commons-math-2.2.jar;C:\Users\DIR-N-0153\.m2\repository\com\thoughtworks\xstream\xstream\1.4.18\xstream-1.4.18.jar;C:\Users\DIR-N-0153\.m2\repository\io\github\x-stream\mxparser\1.2.2\mxparser-1.2.2.jar;C:\Users\DIR-N-0153\.m2\repository\xmlpull\xmlpull\1.1.3.1\xmlpull-1.1.3.1.jar;C:\Users\DIR-N-0153\.m2\repository\javax\ws\rs\jsr311-api\1.1.1\jsr311-api-1.1.1.jar;C:\Users\DIR-N-0153\.m2\repository\com\netflix\servo\servo-core\0.12.21\servo-core-0.12.21.jar;C:\Users\DIR-N-0153\.m2\repository\com\google\guava\guava\19.0\guava-19.0.jar;C:\Users\DIR-N-0153\.m2\repository\commons-configuration\commons-configuration\1.10\commons-configuration-1.10.jar;C:\Users\DIR-N-0153\.m2\repository\commons-lang\commons-lang\2.6\commons-lang-2.6.jar;C:\Users\DIR-N-0153\.m2\repository\com\google\inject\guice\4.1.0\guice-4.1.0.jar;C:\Users\DIR-N-0153\.m2\repository\javax\inject\javax.inject\1\javax.inject-1.jar;C:\Users\DIR-N-0153\.m2\repository\org\codehaus\jettison\jettison\1.4.0\jettison-1.4.0.jar;C:\Users\DIR-N-0153\.m2\repository\com\netflix\eureka\eureka-core\1.10.17\eureka-core-1.10.17.jar;C:\Users\DIR-N-0153\.m2\repository\com\fasterxml\woodstox\woodstox-core\6.2.1\woodstox-core-6.2.1.jar;C:\Users\DIR-N-0153\.m2\repository\org\codehaus\woodstox\stax2-api\4.2.1\stax2-api-4.2.1.jar;C:\Users\DIR-N-0153\.m2\repository\org\springframework\cloud\spring-cloud-starter-loadbalancer\3.1.5\spring-cloud-starter-loadbalancer-3.1.5.jar;C:\Users\DIR-N-0153\.m2\repository\org\springframework\cloud\spring-cloud-loadbalancer\3.1.5\spring-cloud-loadbalancer-3.1.5.jar;C:\Users\DIR-N-0153\.m2\repository\io\projectreactor\reactor-core\3.4.27\reactor-core-3.4.27.jar;C:\Users\DIR-N-0153\.m2\repository\org\reactivestreams\reactive-streams\1.0.4\reactive-streams-1.0.4.jar;C:\Users\DIR-N-0153\.m2\repository\io\projectreactor\addons\reactor-extra\3.4.9\reactor-extra-3.4.9.jar;C:\Users\DIR-N-0153\.m2\repository\org\springframework\boot\spring-boot-starter-cache\2.7.10-SNAPSHOT\spring-boot-starter-cache-2.7.10-SNAPSHOT.jar;C:\Users\DIR-N-0153\.m2\repository\org\springframework\spring-context-support\5.3.25\spring-context-support-5.3.25.jar;C:\Users\DIR-N-0153\.m2\repository\com\stoyanr\evictor\1.0.0\evictor-1.0.0.jar;C:\Users\DIR-N-0153\.m2\repository\org\springframework\boot\spring-boot-devtools\2.7.10-SNAPSHOT\spring-boot-devtools-2.7.10-SNAPSHOT.jar;C:\Users\DIR-N-0153\.m2\repository\org\springframework\boot\spring-boot\2.7.10-SNAPSHOT\spring-boot-2.7.10-SNAPSHOT.jar;C:\Users\DIR-N-0153\.m2\repository\org\springframework\boot\spring-boot-autoconfigure\2.7.10-SNAPSHOT\spring-boot-autoconfigure-2.7.10-SNAPSHOT.jar;C:\Users\DIR-N-0153\.m2\repository\com\h2database\h2\1.3.176\h2-1.3.176.jar;C:\Users\DIR-N-0153\.m2\repository\org\projectlombok\lombok\1.18.26\lombok-1.18.26.jar;C:\Users\DIR-N-0153\.m2\repository\org\springframework\boot\spring-boot-starter-test\2.7.10-SNAPSHOT\spring-boot-starter-test-2.7.10-SNAPSHOT.jar;C:\Users\DIR-N-0153\.m2\repository\org\springframework\boot\spring-boot-test\2.7.10-SNAPSHOT\spring-boot-test-2.7.10-SNAPSHOT.jar;C:\Users\DIR-N-0153\.m2\repository\org\springframework\boot\spring-boot-test-autoconfigure\2.7.10-SNAPSHOT\spring-boot-test-autoconfigure-2.7.10-SNAPSHOT.jar;C:\Users\DIR-N-0153\.m2\repository\com\jayway\jsonpath\json-path\2.7.0\json-path-2.7.0.jar;C:\Users\DIR-N-0153\.m2\repository\net\minidev\json-smart\2.4.8\json-smart-2.4.8.jar;C:\Users\DIR-N-0153\.m2\repository\net\minidev\accessors-smart\2.4.8\accessors-smart-2.4.8.jar;C:\Users\DIR-N-0153\.m2\repository\org\ow2\asm\asm\9.1\asm-9.1.jar;C:\Users\DIR-N-0153\.m2\repository\jakarta\xml\bind\jakarta.xml.bind-api\2.3.3\jakarta.xml.bind-api-2.3.3.jar;C:\Users\DIR-N-0153\.m2\repository\jakarta\activation\jakarta.activation-api\1.2.2\jakarta.activation-api-1.2.2.jar;C:\Users\DIR-N-0153\.m2\repository\org\assertj\assertj-core\3.22.0\assertj-core-3.22.0.jar;C:\Users\DIR-N-0153\.m2\repository\org\hamcrest\hamcrest\2.2\hamcrest-2.2.jar;C:\Users\DIR-N-0153\.m2\repository\org\junit\jupiter\junit-jupiter\5.8.2\junit-jupiter-5.8.2.jar;C:\Users\DIR-N-0153\.m2\repository\org\junit\jupiter\junit-jupiter-api\5.8.2\junit-jupiter-api-5.8.2.jar;C:\Users\DIR-N-0153\.m2\repository\org\opentest4j\opentest4j\1.2.0\opentest4j-1.2.0.jar;C:\Users\DIR-N-0153\.m2\repository\org\junit\platform\junit-platform-commons\1.8.2\junit-platform-commons-1.8.2.jar;C:\Users\DIR-N-0153\.m2\repository\org\apiguardian\apiguardian-api\1.1.2\apiguardian-api-1.1.2.jar;C:\Users\DIR-N-0153\.m2\repository\org\junit\jupiter\junit-jupiter-params\5.8.2\junit-jupiter-params-5.8.2.jar;C:\Users\DIR-N-0153\.m2\repository\org\junit\jupiter\junit-jupiter-engine\5.8.2\junit-jupiter-engine-5.8.2.jar;C:\Users\DIR-N-0153\.m2\repository\org\junit\platform\junit-platform-engine\1.8.2\junit-platform-engine-1.8.2.jar;C:\Users\DIR-N-0153\.m2\repository\org\mockito\mockito-core\4.5.1\mockito-core-4.5.1.jar;C:\Users\DIR-N-0153\.m2\repository\net\bytebuddy\byte-buddy-agent\1.12.23\byte-buddy-agent-1.12.23.jar;C:\Users\DIR-N-0153\.m2\repository\org\objenesis\objenesis\3.2\objenesis-3.2.jar;C:\Users\DIR-N-0153\.m2\repository\org\mockito\mockito-junit-jupiter\4.5.1\mockito-junit-jupiter-4.5.1.jar;C:\Users\DIR-N-0153\.m2\repository\org\skyscreamer\jsonassert\1.5.1\jsonassert-1.5.1.jar;C:\Users\DIR-N-0153\.m2\repository\com\vaadin\external\google\android-json\0.0.20131108.vaadin1\android-json-0.0.20131108.vaadin1.jar;C:\Users\DIR-N-0153\.m2\repository\org\springframework\spring-core\5.3.25\spring-core-5.3.25.jar;C:\Users\DIR-N-0153\.m2\repository\org\springframework\spring-jcl\5.3.25\spring-jcl-5.3.25.jar;C:\Users\DIR-N-0153\.m2\repository\org\springframework\spring-test\5.3.25\spring-test-5.3.25.jar;C:\Users\DIR-N-0153\.m2\repository\org\xmlunit\xmlunit-core\2.9.1\xmlunit-core-2.9.1.jar;C:\Users\DIR-N-0153\.m2\repository\org\modelmapper\modelmapper\3.1.1\modelmapper-3.1.1.jar;"/>
    <property name="sun.cpu.endian" value="little"/>
    <property name="user.home" value="C:\Users\DIR-N-0153"/>
    <property name="user.language" value="ko"/>
    <property name="java.specification.vendor" value="Oracle Corporation"/>
    <property name="java.version.date" value="2022-10-18"/>
    <property name="java.home" value="C:\Program Files\Java\jdk-17.0.5"/>
    <property name="file.separator" value="\"/>
    <property name="basedir" value="C:\amazing\springcloud\user-service"/>
    <property name="java.vm.compressedOopsMode" value="Zero based"/>
    <property name="line.separator" value="&#10;"/>
    <property name="java.vm.specification.vendor" value="Oracle Corporation"/>
    <property name="java.specification.name" value="Java Platform API Specification"/>
    <property name="surefire.real.class.path" value="C:\Users\DIR-N-~1\AppData\Local\Temp\surefire7939546509529726471\surefirebooter5827233786255966552.jar"/>
    <property name="user.script" value=""/>
    <property name="sun.management.compiler" value="HotSpot 64-Bit Tiered Compilers"/>
    <property name="java.runtime.version" value="17.0.5+9-LTS-191"/>
    <property name="user.name" value="DIR-N-0153"/>
    <property name="path.separator" value=";"/>
    <property name="os.version" value="10.0"/>
    <property name="java.runtime.name" value="Java(TM) SE Runtime Environment"/>
    <property name="file.encoding" value="MS949"/>
    <property name="java.vm.name" value="Java HotSpot(TM) 64-Bit Server VM"/>
    <property name="localRepository" value="C:\Users\DIR-N-0153\.m2\repository"/>
    <property name="java.vendor.url.bug" value="https://bugreport.java.com/bugreport/"/>
    <property name="java.io.tmpdir" value="C:\Users\DIR-N-~1\AppData\Local\Temp\"/>
    <property name="idea.version" value="2022.3"/>
    <property name="java.version" value="17.0.5"/>
    <property name="user.dir" value="C:\amazing\springcloud\user-service"/>
    <property name="os.arch" value="amd64"/>
    <property name="java.vm.specification.name" value="Java Virtual Machine Specification"/>
    <property name="sun.os.patch.level" value=""/>
    <property name="native.encoding" value="MS949"/>
    <property name="java.library.path" value="C:\Program Files\Java\jdk-17.0.5\bin;C:\Windows\Sun\Java\bin;C:\Windows\system32;C:\Windows;C:\Program Files\Common Files\Oracle\Java\javapath;C:\Program Files (x86)\VMware\VMware Workstation\bin\;C:\Windows\system32;C:\Windows;C:\Windows\System32\Wbem;C:\Windows\System32\WindowsPowerShell\v1.0\;C:\Windows\System32\OpenSSH\;C:\Program Files\Git\cmd;C:\Program Files (x86)\NetSarang\Xshell 7\;C:\Program Files (x86)\NetSarang\Xftp 7\;C:\Program Files\Bandizip\;C:\Program Files\Docker\Docker\resources\bin;C:\Program Files\Java\jdk-17.0.5bin;C:\amazing\apache-maven-3.8.7;C:\Program Files\erl-23.1;C:\Program Files\Erlang OTP;C:\Program Files\RabbitMQ Server\rabbitmq_server-3.11.10\sbin;C:\amazing\kafka\confluent-7.3.1;C:\Users\DIR-N-0153\AppData\Local\Microsoft\WindowsApps;C:\Users\DIR-N-0153\AppData\Local\Programs\Microsoft VS Code\bin;C:\Program Files\JetBrains\IntelliJ IDEA 2022.3\bin;;C:\Program Files\Java\jdk-17.0.5bin;C:\amazing\apache-maven-3.8.7\bin;;."/>
    <property name="java.vm.info" value="mixed mode, sharing"/>
    <property name="java.vendor" value="Oracle Corporation"/>
    <property name="java.vm.version" value="17.0.5+9-LTS-191"/>
    <property name="sun.io.unicode.encoding" value="UnicodeLittle"/>
    <property name="java.class.version" value="61.0"/>
  </properties>
  <testcase name="contextLoads" classname="com.example.userservice.UserServiceApplicationTests" time="0.28"/>
</testsuite>